{"level":"debug","time":"2025-06-24T18:28:08+03:00","message":"Starting server on port :8061 with peers: [http://localhost:8060]"}
2025/06/24 18:28:08 Cache server initialized with selfID: :8061, peers: [http://localhost:8060]
2025/06/24 18:28:14 Received SET request from [::1]:65202
2025/06/24 18:28:14 SET: Key=test1, TargetNode=:8061, SelfID=:8061, IsReplication=false
{"level":"info","time":"2025-06-24T18:28:14+03:00","message":"cache capacity  10 "}
{"level":"info","time":"2025-06-24T18:28:14+03:00","message":"cache size  0 "}
2025/06/24 18:28:14 Stored key test1 locally
2025/06/24 18:28:14 Starting replication for key test1
2025/06/24 18:28:14 Received SET request from [::1]:65204
2025/06/24 18:28:14 SET: Key=test1, TargetNode=:8061, SelfID=:8061, IsReplication=true
{"level":"info","time":"2025-06-24T18:28:14+03:00","message":"cache capacity  10 "}
{"level":"info","time":"2025-06-24T18:28:14+03:00","message":"cache size  0 "}
2025/06/24 18:28:14 Stored key test1 locally
{"level":"debug","time":"2025-06-24T18:28:14+03:00","message":"Successfully replicated key test1 to peer http://localhost:8060"}
2025/06/24 18:28:14 Received SET request from [::1]:65205
2025/06/24 18:28:14 SET: Key=test2, TargetNode=:8061, SelfID=:8061, IsReplication=false
{"level":"info","time":"2025-06-24T18:28:14+03:00","message":"cache capacity  10 "}
{"level":"info","time":"2025-06-24T18:28:14+03:00","message":"cache size  1 "}
2025/06/24 18:28:14 Stored key test2 locally
2025/06/24 18:28:14 Starting replication for key test2
{"level":"debug","time":"2025-06-24T18:28:14+03:00","message":"Successfully replicated key test2 to peer http://localhost:8060"}
2025/06/24 18:28:16 GET: Key=test1, TargetNode=:8061, SelfID=:8061
2025/06/24 18:28:16 Found key test1 locally with value hello
2025/06/24 18:28:16 GET: Key=test1, TargetNode=:8061, SelfID=:8061
2025/06/24 18:28:16 Found key test1 locally with value hello
2025/06/24 18:28:16 GET: Key=test2, TargetNode=:8061, SelfID=:8061
2025/06/24 18:28:16 Found key test2 locally with value world
